<?xml version="1.0" encoding="UTF-8"?><testsuite errors="0" failures="1" name="Search a hotel" skipped="0" tests="5" time="51.39" timestamp="2021-10-06 08:35:02"><testcase name="Search hotel with valid search"/><testcase name="Search hotel only with Location"/><testcase name="Search hotel without selecting Location"/><testcase name="Search hotel without selecting any field"><failure message="Select Total Number of Rooms should be displayed expected:&lt;[Please Select Total Number of Rooms]&gt; but was:&lt;[]&gt;" type="java.lang.AssertionError">Select Total Number of Rooms should be displayed expected:&lt;[Please Select Total Number of Rooms]&gt; but was:&lt;[]&gt;</failure><system-err>Select Total Number of Rooms should be displayed expected:&lt;[Please Select Total Number of Rooms]&gt; but was:&lt;[]&gt;&#13;
automation.stepdefs.SearchStepDefs.selectTotalNumberOfRoomErrorMsgShouldBeDisplayed(SearchStepDefs.java:73)&#13;
âœ½.Error Message - Please Select Total Number of Rooms should be displayed(file:///C:/Users/sarav/Downloads/serenity-starter-master/src/test/resources/features/search.feature:58)&#13;
</system-err></testcase></testsuite>